<?xml version="1.0" encoding="UTF-8"?>
<!-- Generated by org.testng.reporters.JUnitReportReporter -->
<testsuite hostname="DESKTOP-7DGNRCH" failures="0" tests="1" name="api.utilities.Utilities" time="0.034" errors="0" timestamp="2023-07-12T10:52:15 IST" skipped="0">
  <testcase classname="api.utilities.Utilities" name="getPropertiesFileData" time="0.034"/>
  <system-out/>
</testsuite> <!-- api.utilities.Utilities -->
