<?xml version="1.0" encoding="UTF-8"?>
<!-- Generated by org.testng.reporters.JUnitReportReporter -->
<testsuite hostname="DESKTOP-7DGNRCH" failures="0" tests="1" name="api.endpoint.Routes" time="0.028" errors="0" timestamp="2023-07-12T11:13:01 IST" skipped="0">
  <testcase classname="api.endpoint.Routes" name="test" time="0.028"/>
  <system-out/>
</testsuite> <!-- api.endpoint.Routes -->
