<?xml version="1.0" encoding="UTF-8"?>
<!-- Generated by org.testng.reporters.JUnitReportReporter -->
<testsuite hostname="DESKTOP-7DGNRCH" failures="0" tests="1" name="api.endpoint.GetWeatherForecastData" time="4.364" errors="0" timestamp="2023-07-12T11:26:56 IST" skipped="0">
  <testcase classname="api.endpoint.GetWeatherForecastData" name="getWeatherInfo" time="4.364"/>
  <system-out/>
</testsuite> <!-- api.endpoint.GetWeatherForecastData -->
