<?xml version="1.0" encoding="UTF-8"?>
<!-- Generated by org.testng.reporters.JUnitReportReporter -->
<testsuite hostname="DESKTOP-7DGNRCH" failures="0" tests="2" name="api.test.WeatherForcastValidation" time="4.820" errors="0" timestamp="2023-07-13T10:13:35 IST" skipped="0">
  <testcase classname="api.test.WeatherForcastValidation" name="getWeatherForcastResponse" time="4.694"/>
  <system-out/>
  <testcase classname="api.test.WeatherForcastValidation" name="validateWeatherResponse" time="0.126"/>
  <system-out/>
</testsuite> <!-- api.test.WeatherForcastValidation -->
